[debug] [2021-11-18T06:08:40.450Z] ----------------------------------------------------------------------
[debug] [2021-11-18T06:08:40.453Z] Command:       /home/menard-maranan/.nvm/versions/node/v14.16.1/bin/node /home/menard-maranan/.nvm/versions/node/v14.16.1/bin/firebase init hosting
[debug] [2021-11-18T06:08:40.454Z] CLI Version:   9.22.0
[debug] [2021-11-18T06:08:40.454Z] Platform:      linux
[debug] [2021-11-18T06:08:40.454Z] Node Version:  v14.16.1
[debug] [2021-11-18T06:08:40.455Z] Time:          Thu Nov 18 2021 14:08:40 GMT+0800 (Philippine Standard Time)
[debug] [2021-11-18T06:08:40.455Z] ----------------------------------------------------------------------
[debug] 
[debug] [2021-11-18T06:08:40.465Z] > command requires scopes: ["email","openid","https://www.googleapis.com/auth/cloudplatformprojects.readonly","https://www.googleapis.com/auth/firebase","https://www.googleapis.com/auth/cloud-platform"]
[debug] [2021-11-18T06:08:40.465Z] > authorizing via signed-in user (menardmaranan19@gmail.com)
[info] 
     ######## #### ########  ######## ########     ###     ######  ########
     ##        ##  ##     ## ##       ##     ##  ##   ##  ##       ##
     ######    ##  ########  ######   ########  #########  ######  ######
     ##        ##  ##    ##  ##       ##     ## ##     ##       ## ##
     ##       #### ##     ## ######## ########  ##     ##  ######  ########

You're about to initialize a Firebase project in this directory:

  /media/menard-maranan/STORAGE/vid/testing/sample-host

Before we get started, keep in mind:

  * You are currently outside your home directory

[info] 
=== Project Setup
[info] 
[info] First, let's associate this project directory with a Firebase project.
[info] You can create multiple project aliases by running firebase use --add, 
[info] but for now we'll just set up a default project.
[info] 
[debug] [2021-11-18T06:08:42.367Z] >>> [apiv2][query] GET https://firebase.googleapis.com/v1beta1/projects pageSize=100
[debug] [2021-11-18T06:08:43.111Z] <<< [apiv2][status] GET https://firebase.googleapis.com/v1beta1/projects 200
[debug] [2021-11-18T06:08:43.111Z] <<< [apiv2][body] GET https://firebase.googleapis.com/v1beta1/projects [omitted]
[info] i  Using project nad-test-it (nad-test-it) 
[info] 
=== Hosting Setup
[info] 
[info] Your public directory is the folder (relative to your project directory) that
[info] will contain Hosting assets to be uploaded with firebase deploy. If you
[info] have a build process for your assets, use your build's output directory.
[info] 
